<?xml version="1.0" encoding="UTF-8"?>
<testsuite name="frc.lib.motor.test.PowerChannelDetectorTest" tests="3" skipped="0" failures="0" errors="0" timestamp="2026-03-09T20:56:30" hostname="XPS13" time="0.044">
  <properties/>
  <testcase name="ambiguousSurgeFailsInsteadOfReturningConfidence()" classname="frc.lib.motor.test.PowerChannelDetectorTest" time="0.04"/>
  <testcase name="weakSurgeFailsInsteadOfGuessing()" classname="frc.lib.motor.test.PowerChannelDetectorTest" time="0.001"/>
  <testcase name="clearWinnerProducesDetectedChannelAndConfirmationPrompt()" classname="frc.lib.motor.test.PowerChannelDetectorTest" time="0.001"/>
  <system-out><![CDATA[]]></system-out>
  <system-err><![CDATA[]]></system-err>
</testsuite>
