<?xml version="1.0" encoding="UTF-8"?>
<testsuite name="frc.lib.motor.config.MotorMetadataCatalogTest" tests="5" skipped="0" failures="0" errors="0" timestamp="2026-03-09T20:49:53" hostname="XPS13" time="0.239">
  <properties/>
  <testcase name="motionFieldCarriesApplyBehaviorAndCapabilityRequirement()" classname="frc.lib.motor.config.MotorMetadataCatalogTest" time="0.159"/>
  <testcase name="controllerFamilyOptionsUseDisplayNames()" classname="frc.lib.motor.config.MotorMetadataCatalogTest" time="0.001"/>
  <testcase name="motorKindOptionsUseHumanReadableLabels()" classname="frc.lib.motor.config.MotorMetadataCatalogTest" time="0.001"/>
  <testcase name="metadataSchemaJsonStillSerializes()" classname="frc.lib.motor.config.MotorMetadataCatalogTest" time="0.073"/>
  <testcase name="readOnlyIdentityFieldIsNotEditable()" classname="frc.lib.motor.config.MotorMetadataCatalogTest" time="0.001"/>
  <system-out><![CDATA[]]></system-out>
  <system-err><![CDATA[]]></system-err>
</testsuite>
