<?xml version="1.0" encoding="UTF-8"?>
<testsuite name="frc.lib.motor.config.ControllerFamilyTest" tests="4" skipped="0" failures="0" errors="0" timestamp="2026-03-09T20:49:53" hostname="XPS13" time="0.005">
  <properties/>
  <testcase name="talonFxsIsCanOnlyInCurrentRuntimeModel()" classname="frc.lib.motor.config.ControllerFamilyTest" time="0.0"/>
  <testcase name="thriftyNovaIsRecognizedWithoutCurrentRuntimePath()" classname="frc.lib.motor.config.ControllerFamilyTest" time="0.001"/>
  <testcase name="victorSpxIsRecognizedButCanSupportIsNotImplemented()" classname="frc.lib.motor.config.ControllerFamilyTest" time="0.0"/>
  <testcase name="sparkMaxSupportsCanAndPwmAtRuntime()" classname="frc.lib.motor.config.ControllerFamilyTest" time="0.001"/>
  <system-out><![CDATA[]]></system-out>
  <system-err><![CDATA[]]></system-err>
</testsuite>
