<?xml version="1.0" encoding="UTF-8"?>
<testsuite name="frc.lib.motor.config.MotorCapabilitiesTest" tests="6" skipped="0" failures="0" errors="0" timestamp="2026-03-09T20:49:53" hostname="XPS13" time="0.041">
  <properties/>
  <testcase name="pwmWithoutFeedbackStaysOpenLoop()" classname="frc.lib.motor.config.MotorCapabilitiesTest" time="0.027"/>
  <testcase name="victorSpxCanWithExternalFeedbackUsesSoftwareClosedLoop()" classname="frc.lib.motor.config.MotorCapabilitiesTest" time="0.003"/>
  <testcase name="pwmWithExternalFeedbackUsesSoftwareClosedLoop()" classname="frc.lib.motor.config.MotorCapabilitiesTest" time="0.001"/>
  <testcase name="limitedVictorSpxCanPathRequiresExternalFeedbackForClosedLoopFeatures()" classname="frc.lib.motor.config.MotorCapabilitiesTest" time="0.005"/>
  <testcase name="configuredPowerModuleEnablesPerChannelDetectionCapability()" classname="frc.lib.motor.config.MotorCapabilitiesTest" time="0.0"/>
  <testcase name="supportedCanIntegratedPathExposesClosedLoopAndTelemetry()" classname="frc.lib.motor.config.MotorCapabilitiesTest" time="0.0"/>
  <system-out><![CDATA[]]></system-out>
  <system-err><![CDATA[]]></system-err>
</testsuite>
