<?xml version="1.0" encoding="UTF-8"?>
<testsuite name="frc.lib.motor.config.MotorSupportModelTest" tests="3" skipped="0" failures="0" errors="0" timestamp="2026-03-09T20:49:54" hostname="XPS13" time="0.003">
  <properties/>
  <testcase name="pwmSparkFlexPathUsesGenericPwmRuntimeWithSoftwareClosedLoop()" classname="frc.lib.motor.config.MotorSupportModelTest" time="0.001"/>
  <testcase name="victorSpxCanPathUsesLimitedCanRuntime()" classname="frc.lib.motor.config.MotorSupportModelTest" time="0.001"/>
  <testcase name="phoenixSixCanPathKeepsNativeMotionProfileSupport()" classname="frc.lib.motor.config.MotorSupportModelTest" time="0.001"/>
  <system-out><![CDATA[]]></system-out>
  <system-err><![CDATA[]]></system-err>
</testsuite>
